/lib64/ld-linux-x86-64.so.2
mgUa
libc.so.6
execl
stdin
read
stdout
alarm
__cxa_finalize
setbuf
__libc_start_main
GLIBC_2.2.5
_ITM_deregisterTMCloneTable
__gmon_start__
_ITM_registerTMCloneTable
u+UH
[]A\A]A^A_
flag.txt
/bin/cat
:*3$"
GCC: (Ubuntu 9.4.0-1ubuntu1~20.04.1) 9.4.0
crtstuff.c
deregister_tm_clones
__do_global_dtors_aux
completed.8061
__do_global_dtors_aux_fini_array_entry
frame_dummy
__frame_dummy_init_array_entry
chal.c
__FRAME_END__
__init_array_end
_DYNAMIC
__init_array_start
__GNU_EH_FRAME_HDR
_GLOBAL_OFFSET_TABLE_
__libc_csu_fini
_ITM_deregisterTMCloneTable
stdout@@GLIBC_2.2.5
vuln
stdin@@GLIBC_2.2.5
_edata
setbuf@@GLIBC_2.2.5
alarm@@GLIBC_2.2.5
read@@GLIBC_2.2.5
__libc_start_main@@GLIBC_2.2.5
__data_start
__gmon_start__
__dso_handle
_IO_stdin_used
__libc_csu_init
__bss_start
main
__TMC_END__
_ITM_registerTMCloneTable
execl@@GLIBC_2.2.5
__cxa_finalize@@GLIBC_2.2.5
.symtab
.strtab
.shstrtab
.interp
.note.gnu.property
.note.gnu.build-id
.note.ABI-tag
.gnu.hash
.dynsym
.dynstr
.gnu.version
.gnu.version_r
.rela.dyn
.rela.plt
.init
.plt.got
.plt.sec
.text
.fini
.rodata
.eh_frame_hdr
.eh_frame
.init_array
.fini_array
.dynamic
.data
.bss
.comment
