%PDF-1.4
1 0 obj
/Type /Pages
/Count 4
/Kids [ 4 0 R 22 0 R 26 0 R 30 0 R ]
endobj
2 0 obj
/Producer (PyPDF2)
ip_creator (3\056225\05642\05693)
time_creator (2021\05509\05528\04012\07200\07200\040\055400)
is_ipv6 (False)
endobj
3 0 obj
/Type /Catalog
/Pages 1 0 R
endobj
4 0 obj
/Type /Page
/Contents 5 0 R
/Resources 6 0 R
/Annots 21 0 R
/MediaBox [ 0 0 595 842 ]
/Parent 1 0 R
endobj
5 0 obj
/Filter /FlateDecode
/Length 1972
stream
]Q4A
~1F3QJ
L;br
RU/G
)r.^
nGLn
);=e
Du?T
*Q=F
qdse
#~SO
-+Ja!
 cp=0S
"Sz{
a]	_
W[5z
u;LvG
7>	e
Rb9!gCIs
@F!q
0TEl_
0 ]'
j*gI
,):Kj
?KJ4
`d'1
bl0i
aSR$
.Bnw
XNgo
endstream
endobj
6 0 obj
/ColorSpace <<
/PCSp 7 0 R
/CSp /DeviceRGB
/CSpg /DeviceGray
/ExtGState <<
/GSa 8 0 R
/Pattern <<
/Font <<
/F7 9 0 R
/F8 15 0 R
/XObject <<
endobj
7 0 obj
[ /Pattern /DeviceRGB ]
endobj
8 0 obj
/Type /ExtGState
/SA true
/SM 0.02
/ca 1
/CA 1
/AIS false
/SMask /None
endobj
9 0 obj
/Type /Font
/Subtype /Type0
/BaseFont /NotoSerif-Bold
/Encoding /Identity-H
/DescendantFonts [ 10 0 R ]
/ToUnicode 14 0 R
endobj
10 0 obj
/Type /Font
/Subtype /CIDFontType2
/BaseFont /NotoSerif-Bold
/CIDSystemInfo <<
/Registry (Adobe)
/Ordering (Identity)
/Supplement 0
/FontDescriptor 11 0 R
/CIDToGIDMap /Identity
/W [ 0 [ 582 707 352 527 667 260 769 523 352 310 856 571 667 586 405 407 599 734 579 668 636 488 613 672 ] ]
endobj
11 0 obj
/Type /FontDescriptor
/FontName /QIBAAA+NotoSerif-Bold
/Flags 4
/FontBBox [ -693 -389 2797 1048 ]
/ItalicAngle 0
/Ascent 1069
/Descent -293
/CapHeight 1069
/StemV 50
/FontFile2 12 0 R
/CIDSet 13 0 R
endobj
12 0 obj
/Length1 6316
/Filter /FlateDecode
/Length 3914
stream
W	l[
uXwt
%Zv:l
!40\
%0pA
u'qb
R\u&
\	c54Z
\<a+L
 GbS
Hp\og*
Sz|`
	&ww_
jr8@
qb_"
V(*+4o
RIQe2
6qc}
9@_t
WJtH
+##,
M;r}
(JJL
.uva
zdQp
b].UR
jT?:N
 O'N!
ya<H
dM(,kC~
a$aX
DiR%a3
II^,
$/Vl
 -U/a
SK}3
V 3%P
s@[B
j?gu~
endstream
endobj
13 0 obj
/Length 4
stream
endstream
endobj
14 0 obj
/Length 525
stream
/CIDInit /ProcSet findresource begin
12 dict begin
begincmap
/CIDSystemInfo << /Registry (Adobe) /Ordering (UCS) /Supplement 0 >> def
/CMapName /Adobe-Identity-UCS def
/CMapType 2 def
1 begincodespacerange
<0000> <FFFF>
endcodespacerange
2 beginbfrange
<0000> <0000> <0000>
<0001> <0017> [<0052> <0069> <0063> <0068> <0009> <0047> <0072> <006C> <002D> <0077> <0065> <006E> <0053> <0074> <0066> <0061> <004B> <0079> <0043> <006B> <0073> <006F> <0042> ]
endbfrange
endcmap
CMapName currentdict /CMap defineresource pop
endstream
endobj
15 0 obj
/Type /Font
/Subtype /Type0
/BaseFont /NotoSerif-Regular
/Encoding /Identity-H
/DescendantFonts [ 16 0 R ]
/ToUnicode 20 0 R
endobj
16 0 obj
/Type /Font
/Subtype /CIDFontType2
/BaseFont /NotoSerif-Regular
/CIDSystemInfo <<
/Registry (Adobe)
/Ordering (Identity)
/Supplement 0
/FontDescriptor 17 0 R
/CIDToGIDMap /Identity
/W [ 0 [ 600 763 563 250 260 645 367 369 862 451 471 320 492 635 538 310 346 346 544 535 250 614 579 352 945 577 565 635 614 614 613 585 614 675 1047 714 300 705 793 604 310 623 727 625 590 357 742 250 938 654 220 511 ] ]
endobj
17 0 obj
/Type /FontDescriptor
/FontName /QCBAAA+NotoSerif-Regular
/Flags 4
/FontBBox [ -693 -389 2797 1048 ]
/ItalicAngle 0
/Ascent 1069
/Descent -293
/CapHeight 1069
/StemV 50
/FontFile2 18 0 R
/CIDSet 19 0 R
endobj
18 0 obj
/Length1 8928
/Filter /FlateDecode
/Length 5688
stream
YFDt
l'2B
/~HH
fUp:
pc5y~
r|v;
;`4e
F#yh
)+=Y
Ti1df
$%-Ya
G:{O
l-)$D5
Pd4E*:
V~Ys
,+c[
Nk4"
.WUe]}
7~kc
W?X;
a9?/
cEJ,
vQ;Z
IKN6
9xjD
&$	P
4&UV
PV~g
@}]rL
QO/El.
"W	[1
abt2
nlp(
A8ldeo^
Tb.D
>GGl
Pksc
sE E
1+ah
QwG0
[o O#
*7Ma
Wx|y9
bbFO
ptBc
Amu*S
5u]+
9"nj[
aboO[GUMSS
6aGL
oB'.d
_v;e
PJ3I
7#	l
eM0Y
8<wy+
FEG=j
SBK(d
Ux A
{nU[
{y/,
L+ZN
(?rhI=L>
4	o6
bCBld(
Mr5Ia
g'HP
r$)cJ
yS*G
WC8F
yT5b
P]VI(
:q,:/Z
endstream
endobj
19 0 obj
/Length 7
stream
endstream
endobj
20 0 obj
/Length 721
stream
/CIDInit /ProcSet findresource begin
12 dict begin
begincmap
/CIDSystemInfo << /Registry (Adobe) /Ordering (UCS) /Supplement 0 >> def
/CMapName /Adobe-Identity-UCS def
/CMapType 2 def
1 begincodespacerange
<0000> <FFFF>
endcodespacerange
2 beginbfrange
<0000> <0000> <0000>
<0001> <0033> [<004E> <0061> <002C> <0009> <006E> <0049> <0066> <0077> <0073> <0072> <0069> <0063> <0068> <0067> <006C> <0028> <0029> <0053> <0065> <2019> <0064> <0076> <0074> <006D> <006F> <0079> <0075> <0070> <0043> <0054> <006B> <0062> <0056> <0057> <0047> <006A> <0041> <0048> <0050> <002D> <004C> <0044> <0059> <0046> <004A> <004F> <002E> <004D> <0042> <0027> <007A> ]
endbfrange
endcmap
CMapName currentdict /CMap defineresource pop
endstream
endobj
21 0 obj
endobj
22 0 obj
/Type /Page
/Contents 23 0 R
/Resources 24 0 R
/Annots 25 0 R
/MediaBox [ 0 0 595 842 ]
/Parent 1 0 R
endobj
23 0 obj
/Filter /FlateDecode
/Length 1997
stream
7	d_d
X~j&
{Y>$U
JY(I
r/-U
lVu,+
NUK3
$[)(
(&G19
.ih81
m;*0
&>0q
[jrFX
t-!yl)`
	be8
mlQi
/1J&
[`}C
4}9aiEgF
Nn"6c
'1#Y
|"DB#
4hro
SwF)Y
-%dF)
98:M
#O	#0h
J5*ES
*S=*
D5*ES
*S=*
Gqz*N
endstream
endobj
24 0 obj
/ColorSpace <<
/PCSp 7 0 R
/CSp /DeviceRGB
/CSpg /DeviceGray
/ExtGState <<
/GSa 8 0 R
/Pattern <<
/Font <<
/F8 15 0 R
/F7 9 0 R
/XObject <<
endobj
25 0 obj
endobj
26 0 obj
/Type /Page
/Contents 27 0 R
/Resources 28 0 R
/Annots 29 0 R
/MediaBox [ 0 0 595 842 ]
/Parent 1 0 R
endobj
27 0 obj
/Filter /FlateDecode
/Length 2066
stream
=&UY
JW&o
 KakY
fG(<h
qk{8c&M
3L=l
!F[zz
>;Sq*
$<	c53&
1a0<
#GD6
5xsD
fB^`B
'6C0
s8&5N
=^1S
azGc
[#V%
2aX"
^C.@L
B1Ej
endstream
endobj
28 0 obj
/ColorSpace <<
/PCSp 7 0 R
/CSp /DeviceRGB
/CSpg /DeviceGray
/ExtGState <<
/GSa 8 0 R
/Pattern <<
/Font <<
/F8 15 0 R
/XObject <<
endobj
29 0 obj
endobj
30 0 obj
/Type /Page
/Contents 31 0 R
/Resources 32 0 R
/Annots 33 0 R
/MediaBox [ 0 0 595 842 ]
/Parent 1 0 R
endobj
31 0 obj
/Filter /FlateDecode
/Length 458
stream
eYr9}
`U=B
ab3[
LnO`
|"h=b)G
AV9u
endstream
endobj
32 0 obj
/ColorSpace <<
/PCSp 7 0 R
/CSp /DeviceRGB
/CSpg /DeviceGray
/ExtGState <<
/GSa 8 0 R
/Pattern <<
/Font <<
/F8 15 0 R
/XObject <<
endobj
33 0 obj
endobj
xref
0 34
0000000000 65535 f 
0000000015 00000 n 
0000000095 00000 n 
0000000246 00000 n 
0000000295 00000 n 
0000000416 00000 n 
0000002461 00000 n 
0000002637 00000 n 
0000002676 00000 n 
0000002768 00000 n 
0000002911 00000 n 
0000003223 00000 n 
0000003444 00000 n 
0000007446 00000 n 
0000007500 00000 n 
0000008077 00000 n 
0000008224 00000 n 
0000008652 00000 n 
0000008876 00000 n 
0000014652 00000 n 
0000014709 00000 n 
0000015482 00000 n 
0000015502 00000 n 
0000015626 00000 n 
0000017697 00000 n 
0000017874 00000 n 
0000017894 00000 n 
0000018018 00000 n 
0000020158 00000 n 
0000020325 00000 n 
0000020345 00000 n 
0000020469 00000 n 
0000021000 00000 n 
0000021167 00000 n 
trailer
/Size 34
/Root 3 0 R
/Info 2 0 R
startxref
21187
%%EOF
