0000000000005130 B __bss_start
                 U cexpf@GLIBC_2.2.5
                 w __cxa_finalize@GLIBC_2.2.5
0000000000005130 D _edata
0000000000006840 B _end
                 U exit@GLIBC_2.2.5
                 U fclose@GLIBC_2.2.5
                 U fopen@GLIBC_2.2.5
                 U fprintf@GLIBC_2.2.5
                 U fputc@GLIBC_2.2.5
                 U fputs@GLIBC_2.2.5
                 U fseek@GLIBC_2.2.5
                 U fwrite@GLIBC_2.2.5
                 U getopt@GLIBC_2.2.5
                 w __gmon_start__
                 w _ITM_deregisterTMCloneTable
                 w _ITM_registerTMCloneTable
                 U __libc_start_main@GLIBC_2.2.5
0000000000001160 T main
0000000000005160 B optarg@GLIBC_2.2.5
0000000000005140 B optind@GLIBC_2.2.5
                 U pa_simple_free@PULSE_0
                 U pa_simple_new@PULSE_0
                 U pa_simple_read@PULSE_0
                 U pa_strerror@PULSE_0
                 U perror@GLIBC_2.2.5
                 U printf@GLIBC_2.2.5
                 U signal@GLIBC_2.2.5
0000000000005180 B stderr@GLIBC_2.2.5
                 U strtol@GLIBC_2.2.5
