MPLEWAVE
~~~~~~~~~~~~~~~~~~~~~~~~~~}~~~~~~~~~~~~~~}}~}~~~~~~}}}}~~}}~~~~~~}~~~~~~~~~~~~~~~~~~~~~~~~~~~~~~~~~~~~~~~~~~~~~~}}}~~~~~~~~~~~~~~~~~~~~~~~~
~~~~~~~
~{{}
~}}|}
~}|||}
~}}}
}|}~
~}|}
}y{~|zxwzyssxvoputnnrutrrvzxwz~~
~{xwxvqpqpmmmmkklllllnooorsqruwutwzzxxz|}{{~
~}}|zyxwvspnomhggfdba``_^]]]\]^]]_`abdfhjmoqtx{~
jbgdPBFJ=,+55'
'2.#&5:58ELKP[defn{
piom\NOUQA8?F=/3?>55?DCCHOTUWahhjrxz}
regfWE@EC3$(2,
'01.3@GCCRba]dpw{||
jSS[O5(27*
',()6DFFLZffhr~
ybQV[J1+67'
 23/3DOLN[jmms~
yxzkSIPM9$%/+
%553:MVQVivuv
}{r^PSQA/+/."
$497:KXYYdtzz
~vfXVQE7310&
*8>>>O]]Xby
zrcXQI?60.-
(4@@AMW]ahoy
zk`ZRF;730*
"1:??COZ[]isvvz
}wgWUQD7140
,8?>@NWW[irno}
uqhXLFE8*&,)
&) %39@EKS[`frty
uphWLF@5+&(#
)45;FMQ\bhpx}~
tmhZKC;0("!
 +28>IQZ`fr}
pcbVH?3%
*-8CKS^gmy
j\NE?5#
%4A@G[jnz
{g\LA:2#
! -GMMVht~
vqtzwy{v|
pcXE685
$()9PW[bo~
wxxrvsorqowxt
yj_[N??7'
)134DTT\ovv
y||v}
tnaYQHIC3*1.**
'')*),8AFKNZglt|
~ttyytuwptxs}|o
zjhfZTUHDB=?<934<77?>BKMQZajmm}
tixuiwrmytrw
{xscod\aWWKTVFUPARVJYYP`cfmjryw
sp|qnonrgkxjq|gw
vwypdriVm^OhZV_R^[Xf\\fdillruqx~x{}}
xl|vkvtorquxqw
wcyr\sgZpdXj_Zk]ed]qegtknvur{xu
tz|{{vy|xttzutvtyq
j~xeyikkfn\jf\nbdibjgiublycuvmypvup~xuytw
zu~y
|}}rswgooencel^gh`jabmcgmlekxfp}kmx|nw
rnxnpjircakgc^kc\lafo^mq`xqe~lpzi
||xtjxrZwjXgfd\afXdjYen`frhmsnxvpw
emzWll]_\^[\dVQgb\bd]dwdjuky{vzuz
}vptlei[d_UWPYVORSOX_UY]]jfjrit}||
}w{{~ru
{|rfijYX[SSQGIKHIGDJLMQPRZ_`diksxz
~yw{ww}yxy~~{
vdbe^MMRHBE=>E=9@>CJCGLQZWZcgjqzx
|z{z}yvz}}}
~zyj\][JBJC:359133-3:>;<CIRTR\dgouz{
{ytdYZR@;@<1'(/+&(((0745;FNLQ]bdnvy{
}umaXWH8:<3% %&"
&++//7DFIQZbgmt|
ywh\\T?7><+!"$"
"('',:==IPW\corv
{qxkVTSB5=:*! %!
'%%+5=?@MXT^lqux
}ornXMOG55:-!
)*'*2BDCMY[dqvy|
uso`LJN@021$ 
++'.9CHKS[_kx}
sheaP@==4)'&
%0648EOT]hmq|
zy|}
}vqh]VMB>>8,(*+'%'(&*488>GNU\dkqz
~zwsrqlkligijiikmnotvwz~
|wtqnljfddaba^_a_bcdhiiknqsutvz{|~~
|zyyxvvtsttusruvwxyyz}
}|zwwvrrqppnmmnnnnmnqpqrstuwwxy{}}}~
~{zxvvusqpqpoommoooooprrsttvwxyyz||}~~~
~}}|{{zzyyxyxwxxxxxyxyyyzz{{||{}}|~}|~~~~~~~
~~~~}|{{z{zxyyxxwwwxxwwvxxxyxz{z{{{||}}}~~
~~~~~~~~
~}}}~}||||}}}}}~~
~~~~
~~~~~}~~
~~~~~~~}~~~}}}}~}}~}}~~~
}~~}~}}}}~}}}}}}}}}}}}}}~~~~
~~~~~}}}}}}}}}}~~~~~~
~~~~~}}~}}}||}|}|||||||}}~~~~
~~~~~~~~~~~
~~~}}}|}|||{{{||{{{||||||}~~~~
~~~~~~~~~~~~||~zxyyxwxxutvvtvwwwvvwwvwxxz|~
~}|zzxyzwvupmlihjjknptutvvvyz{
~~~~
~}{zyzzy{|}
~}|{yxyyz|~
}|zyxxyyyz|
~zvtsrqrw|~
~{ywwwvwxyyyz~~}}~}zxusqpststy{{yxyxustuttwwwwwyyvvxwwwy{{|
~}}}|{xyzyyzyy{{z|~~~
||}{z{}{{~
~|yxyyyxz}~~
~~|y|
}zz~
}~}|}
|{||z~
{{|y{~
{|}||
~~zxxxy|
}xx{{zz~
{{}}{|
|z{{y{
}z|}{|~~~|{
~zz{|
~~|stvqv|{
zyzyvx~}|~
ywzzwy
{xywuwz}
|wy|}
}vuxyz~
yv{|xx}}{|{
{z}~~
}yyvtx}~
xytlosty
zuoqxvy
}yxyzz~
}yz~
}z~yx~}|
}zxvsvzwx}}
~|{~
{{|zwsx|{~
~y}~xz{wx{|}
|{xwyxx{
~|wstz
}|~|usvwwuv
yz{zy}
|zyyuptxvx~
yw{vmnttuy|
}tvxtv|z|
~zxvtoorolprpqsstttsspnqpkmqqqssx{x|
~vmkjkjkouvstpjf]XQIHIHIPV`gjrwxxuqic`^XW]dlpu~
~ywvurv}
o`\XU\gu
xm]F1# #'3G^r
zkcbdjp{
}upmjmqx|
wmca`^^gptx{|yoe`VJJLSam
ySFE@>Jd{
 B]}
k\TNNSbt
xqfekoz
wqfb_WVRSWY[^cionquswxuz|{
jOB3#
1M^v
eSHEGVq
vbTOPYhz
vdSEBCCGMQVTRQNJDHOS[ix
jZF-&1=GWw
rN2"
yfTEAL\k|
yi\RPU^s
oUD3($(3<BMWZXVWWST\ep
whRDJMFJ]jmmuxhRE=1
&6CWt
udSJNW]dq
|qg`]^cs
|iTC=;<=BLPQTWXVYahp|
|veWSQLILSYWZ`[QHA>5.5@K[p
zj[VZ[`iu
wohdbiu
yeQ?7;<;BMRQRWVPRW]hp}
{qkfYT[_^ahmkfd_QB84-%(6GVh
yk_[\]aju|
}upliglu
r]PHB;;?@BEIKHLTW_it
{z{rhhljdcgga\[VKA>;4.3>HRav
yoic^^dlqu}
}wrnnqw
tbWNFAADEGJNQTV[djr~
~rlmi`^ab^YZ]UJGGB::@DIUdr~
zrifhkmqy
~{{yz~
zod]XRSWVUX\ZUX[X\dis}
sijjedfilhgih`XTQIBBEGJT`ir~
zwvurtx|
~|}}}
}xpea_XTUVZ]`hqv{
{yvojihfdccb^YYXSORTTX_eltz
}|zyyyy{}
~{{xusrrstw{
{wsmihgeffeffeedbabbaacgilpsw{}
}|{zxwxxxz|}~
~}zxxxy|
~{zzzz{~
~{xwvrprrposustwyxxzyxvutrponlkkkjjlllmoqpprtssvxz~
~z{}zwx{|yz
|~}xx||z|
y}|yzywzzw|}y{~|xxyvtvvvvy~
~{vx|tpz{qx
~x~}y~}z|}
zz~{
vu~~||
x|{x}x
zt||~xv
{~yeerpm~
wqnfmzww
xw~|w
rnoss~
xqw|
xz|vrx
|xy|
ywyz}y|
}zyztqvvvxz|xw~
~z|}wv{|{y
}z}|ywz{vv|zx{z~
}~{xyyvtyvtwy|x|
|||uqqutqszxtw||{
|rqqusqtponqxwy~
{wsqrprsqrtxxz~
yzzyxwxuttxzxyzy{~
~{}}|yxxuxyz{yy{z}
ywyxxvw{{xz|yvx{|~
~||xxxy|y{|{zz
}ywtrvuvtqsrtty{xyxyz~
~xy{||~
~}{||~
|z|{wwywxyxyz|
{xz{}
}~~|}
|xywuwxxyy|
}}}|{
{wz{yxywvwty{y~
{{zwwyzxz{y|}}
|zyvxvusqpnpomnmmlklijljigefffhjilnoopqtxz{~
~yunif_YYTNMIFHHGKORW\]`edgklnqrqooqnjigjfcdcaaeaadadhjmtz
wjd`VMG?71.+-49?EMX\^cjps}
{xsmjjihlorwxy|
~}~~
~wsolga`abadijmt~
~~|wsic_ZVMJE?8.,/039AIOU\_bfmu|
~xrkeaYVTPOQSTUWX\_bgmt|
zqg`\UJD?=:745;AFOYbiry~~}
}xsoidacjow
zqifa]VPJC?;<=>AFMSZbkx
vk_TJ?4+(''&(/7@GQ]hqy
~yslfbbbeks}
~vme^WPKD@<:=AEJR[dlu
vmcWLB:3-&!"%).7DR]iv
ysld_]^agmu~
ynd]VQKGC?:768;AIQZblv
xmbVNE?:753348@GQ\iv
|wrkc^[YY]dlv~
xlf^WTQONICBDGJPXcpy
zxz|
~vrpkfa\XSLE>;;=CJT]fpwyz
zrkc_^`eioty
xpjc]XRKD>84114;DLT]hs}
~th]SJB:3.*(%%+3;FR^hqz
|rg^WQOPSY_eilpu|
|tkc]VPG?820027<CLU_ju
xsqqstvvvtrplhc`\WQKHEEFHKPVZ^bejpw~
{vqooorswz{{{
{vpi`YRJC@>>AEINRX_hr|
zwwwwxzxsnkga[URMF?<;:=@FNU[afilpw
{trrstuwxz|}
}wqjcZQIC>96358:>BHR^ht
}xvx{xwurollkc^YRMD<::<ACFKPUW[_fox
{xwtqqrtxz|
|xske_XSNID@>?ABEJQZcks}
zvqke^WNFB?=;:;>CFJNRX_gnv
~yurpmiggimptvwy{{zzz{|{zvsqokhfdca`_^_aehmrw}
}|{|~
|yvspomkgda_^^^_cgjloqtxz}
~|{yxwwvvuuuuuvwxwwvvvtsrqrrrqqpqrqponoopqrsvwy{}
}{xurqpnljihgecbbcdeghjlmnprtvx{|}
}{zwvtttttuvvxyz|
}{{yyxwvuvvvwxz{}~~
~~}}}~~}||{zzyxxxyyz{|}
~~~~~}}}}~}}|||{{{zyyyyyzzyzzzzyyyyyzzz{|||}}}~
}|{{zzzyyyxxxxxyzz{|}}~~~~~~~|||{{|{{{{{||z{{{zz{{|
~||{yxzzz||}~
~}|{{{{{zz{{{{{|{||}|}~~~~
~~~}}}}}}~~
}}~}||||}}}}}}}}~~
~~}|{{zzyyxxwwwvuvuttsssstttuvwwxyzz|~
~}{ywvtrqolkjgfecba`______`abdegiknpqtvy{~
xsnga]WROJDA@>=?>>ADEHMQV\bglqvz~
~zyysllf_\XSSPMNONNOQTVZ^ahmry~
zrjdZQKE>;70--+*('(,/28>DKRY_djqx
{ojg^YRJGEA>;9:::<=?DHLRV[eks{
ztjc^XPKHB>;631..146<?DKOSX\`dkpv}
~|wpni`[YTQPMIIKKKMMOUXZ`cgotz
{pjd[TPKDA?975200.-269AHNU\`fkmsx}
|ytlhb[WSPMLKIIIIJLMPUX\aeiouz
|ule`YRNKGCA=;<96776;?BHQV_glrx}
zurlfb\WRMIFDBBBCDEHJLPRUY^cint|
{rhc\TNJE@=:66544347;>CJPW_elqvz
wssrrrollha\UPMIDBBBDINTZahpw|
xststx|~~~yrk^QF<3./2:GVeu
}tnlknt}
zxy|
|zxwvrpi]TPJB@CGPY^fptuunjhb_]cku
}tqpr|
zrolnrw~
yqg_XSQPSZakt
{vtuw{
|xsopopsu{
~{zyrkifedcehmpqrrrqnjhihimqx
{utw|
wjZMF??ENYhv
}skebejr|
wrqrsw{
~xofa_^_bgouxzxupi`ZURSV[epz
|uomory
~xskb[WUVX[_emrwyyywrokhjlou|
|xsporvz
yqpnprpprsqmgb`\XTTZ_ekqw~
}}yx|
xk]OHCDIMV`jsuxywrjb[YVW^enz
xsrruz
}ukfeffhkpx||ytph_TNJIJLUalx
~vnhefkt~
tgXLC@BDLU_inrvywrngeeaagls|
~~{yyz}
zmkkd\^dksttvuncVKHCBDK[fs~
|yurtvz
wgWJA@;>EN\agmrwtpiea[XSW_fpy
}{y{}}
}zyxwwxurrpkc^ZWVTTVY[^_agjnrtxyzxvrquvxyz
vogcbhow
}vmbXOKJKMQXahpz
ypieejq{
wporzytwvpf\TPNKOW^ekt{|{y{
}vuwx}
unia^^TKDEIPZeu
wgZPLR\dmx}{zwvwz|
unmnt
yutuy
zsmkllmmmmlmosy}
|vrqopri_^eeaeoz
|xvvttwxxxx}
|xvv{
}|zz{
}ytrolkieb_aeikmrwxupmnnkigffgggikpw{}~~}|{xx{}
yyyupnokfeca]XSONMNOTXYY\dilosvxxxz{|~
~zwtrpnmljihikllkkkllmoqsuxyzz{~
~||zxwvusqsvxyy{|}}|}
~}}~
}zwtqnljihggfeedb`_^\\[]`dhmqtwxvvvvvvwwxz|~
{tnieb_[YWVUUUVVVVUTUVX[]`cglpux|
~}{ywtqnljgeca_^]\]]^_aabbcehjlnqstwz~
~{yvsoljgeb`_^_``bcegijlmnpqsvy|~
~{ywusqommmmmlmmllkkklmnqsvx{}~
~}}~~
~~}{zyxwvvvuuuvvwxy{}~
~~}~~~
~}}|zzzyyyxxxwxwvvvvvvvvvvuuuvxyz{}~~
}{{zyyyz{|}~~~
~{{|||{zz{zwwwuussvwtrwxwutxyxxwvuyzwwzz{}yz~|}
~yz}~~~zx
{}ww
}xz~
zy~~z
}|{~
qvx|}|vp}
yv}~yz|
zuy~xz
|xrw
yu}~
{u{~}|x{
z}}|~||{y{{xwx{||yyzz}{{z|
}}{}
}{|~zxzxzvtvvvsprtrnprrolossrqtwuvwz|{|
}xuojjga]ZVRTSPPRVYZZ_fknpty
~yvurpmigkjfiklnosux}}
voicZSNIGEDCCGKPWX[ckrv~
}xsollligfeiosux~
~ysmhgd`^[[[^bdejou|~
~}~~
wqnke``\WWWWVUY^`chlqy{|
}{xtpnnnnmlnnrtuw{
xzzsqtqihhb\YXXXXZafeipuwz
}xtpmmmlmlmoorw{~
~ztqojfdca^]\\_aeiouy
|ywtsusqstuwx{
|{wsqpmklnoprrtwxyy}
~}|{zzy{|}}|}~}}
|z}yrnkf`^_^\[[]^]^dikrz|~
|xtrqrtwz}
~|ywwvvtspljhghilorvy|
}|zwtrqpoooprtuvxyz|}
}{zyxxwvwyzz{|~
|yurpljgffdccbbcbcdfhikmprtvxz|~
~}||zxxwwvvwyz|~
}}~xw{xtqkd_XRPOPRTXXY^_aejmt{
{vuqmllkkoqrvz}
~|yvspmidb`__`cgkptz~
~{wtqnkigdccddfhknptvy}
}zwusrqqrsuwy|
}{xywtsokhda_^]^``ababccdehknpsuxyz{{{||{||||{zzywvuttuwx{}
zvog_TMHECBCDDFJMOV\bksz
|yupnmkkmpsux}
}zwsmie_[XUTUX[`ekqw{
~zupmjfc`]]]^`bfjnrw{~
~zxvtsrrrstvy|
}}|zz{zyxwvrnlifc`][ZXWWWY[]adfjmoqswz~
vuukkspmpnha[YVTTTRSRONOPW`gr{
{usont|
|qhdba^\[YRLKMPV_flsy{~
~{wpid_]_`chnqtwx}
~zurppruwyyz||}~
~}zyzxtqmiigdffccb_^__cgikorrrtvvz}~
~{xtrqjdebXRPMIILPSV]elqy
zvqlhedcdiorty
zsmhc]XWWUQQSVY\ahow}
}xtnjihggfgjnqsw}
{xuspnljjijjknqtx{}
~}~~}~|z{{yy{{zyxxyxvttspnlkjiijijlmprsuyz|
}|zywwxy{}~
z{{qmplije`ab]\\XV[^[^ekouwz
zsnjeddbceefjnrz
~yrlhc^ZWTTTTVX\bjqw
yurmgdcdddaNLhn`_cq
~{{}xsqnijog]Z[ac][addfilnnmox{{
}yy}~yrrvuwvuy|~}~
{vuqh`]^[RLLLMORRSYajqsv~
}vmjieba^]]^afhkosv{
}zyvrrqonnoqsuw{
~ytstvvroprrtvwvwxz|||}}|||{yvtsqonnmllmnoqrsux{~
~}}~
}ry{rfhlf[Y^\TSWZVSW`ecfosuz
{ywvvtrstrrvyz{~
}zwtrpnjgecddcccfimpsw|
~|{zzzyxxy}
~}{zxvuvvtsuwvuvz||zz{zzzzwtuvusqpppoooopqrrtwxyz}
}zyvpmkhc^ZYYUSTVWY\`dgjnsx|
~}xxwtrqqqsrsvxxz|}~
}{{yywssqnnnlmnnpstwyz|
~}||{{yyzz{}
|{zxwwwwvvvwxy{zy{{{|}}}}}~~}~~~}}}~~}}}~
}|zywwvtsrponmmlkklkklmmlnprstuwy{}
~|}}zyywutsrqppponmoonnmmnprqoorutstwyxwy||{}~~~
{}}{|{wx}yvz{zyxy{{zy{{{}zz}}zy~|yzz{zz{z{}{z~
}xx{zxupw|snpwxsrptzzuuz}
zy}}
~|y{}y~
~xvv
}|{t~
}y|~
s~~~
|z~~}
v}|z
{x{x
}uzz
}~{~
}z~~
|{|~
~{|~}{{z}~}}}~~
}}|}}~
~~~{yzzxuvwwvssssrpqsqoqrrrprsstuwxxx{}~
~|xuqmjgdb```_^``befffgjmmnqruwy{|
~}}}zxwvvussqqqrtsstwz{{|
~|||{|}}|
~||{zxwvvusssqrpopppqprttuvxyyyz|}~
}}{xvspmlkighjihijmoprsuwxzz|
~~}{zxwvuttsssssrrtuuvxz{}
~||}{{{zzzzyyxxxxwwvvwwvuuvvwxwwxy{{||~
~~}}|}|{|{|||{{|{{||{||{|||{|}|}}}}~
~~~}}|{|{{zzzzzzyzz{zz{{||||}~~
|||z{|z{|{z{yyyyywvwvvwwy{z|}|
~||yxwusrpnnkiiggfefeddddefgikmoqsuw{}
~|ywusroljhgecccccbcdfggiknprsuxz|~
~}}|{zyyxyyyxxy{||}~
~}|{{zyxxwwvuuutttuutttuuuuvwvvwwxxyz{{|}~
~}|zyyxwvuutssrrqppnmmmllkkllmllnopqqrtuvwy{}
~}{{zyxwvuutsrqqrqqqqqqrrsstuvvwxyz{{|}~~~
~}|{zxwvvutssrrrqqqqrqrrrrrrsttuuvvwxyz{|}
~}}}||{zzzzyyyyyxxwwwwwwwvwwwvwwxxxwxxyyyyyzz{z{||}~~~
~}}||{zzyyxxwwvvvuuttssrqqppppppppqqqrrsstvvwxxz{|}
~}{{{zzyyyxxxxxxwxxwxwwwwwwwwwvvwvvwwwwwxxxyzz{||}~~
~}}}|||{zzyxwwwvvvuuutuvvwwwwxyzz{|}~~
~~~}}|||||{{||||{|||||||}}}}}}}}}}}~}}}}}}}~~~~
~~~~~~
~}}}}}}}}}~~
~~~~
~~}~}}}}}}}}}}}~
~~~~
~~~~~~~~~~~~~~~~~~~~~~~~~~
~~~~~~~~
~~~~~~~~
~~~~~~~~
~~~~~
~}}}}}}|}}}~
~~~~~~
~|}}
~}~~
~}~~
~~}|}}~
}{~|
~}~~
~}~~}
~}}}
~}|~}|
}|}~}|~
~||{{|{}
~~~~~
~}}|y{{{|z{{|
~|~~}}}}}}||||}
|xuqnkjhhihiiihfda_^\[Z[]`behknqtvxz{}}~
nT=//5BYt
t[B*
"3FXhz
~zxvqmjd_^^afmy
|slgdfipz
}tj`WSTYet
~X8*1@St
,B[n|
zwuttsrojihjkkpy
}xvxz{
~pbTH@<@IWi~
{ka]^iz
nXF:@Pd
~pd[VTXdo{
tkebegfb[UMECGKYn~
}k[L@=AMbw
qT>4>Of
xj]WTU]hs
}zwyzwvuw
zg[X\ajqroj`VNHKT`r
ueYRPTar
qU@:APk
wbPC<<CRfz
ulfdeefjp|
ma]^binonjd`\Zaly
yi]VSXet
~aA34?Pr
r^REACN`u
{mffhow|
tgcfiuvrlbWOHEMVg}
vbSHACM]r
oXF@Mav
vdUF>?CSm
j\UV`hny
}qfafoolg_XOJKQYj~
yeSE?CM^x
mYI?E]v
seYKC@CRi
necflpuz~
|rnmkga[VQOQSZhx
s`NDBFVm
{ZB/)<`~
rbTHA=DYr
sjmt|
{womv
k[RQSTZ`bgklns{
q_PIJTi
gM5/Hk
"<Tl
sYE=>HZr
gWPR`x
milv
o^WUTRSW\bhou|
nXI??J]w
u[GSt
z`D%
)@Ufs
kP<3=Vo
rZKIRcrvrolhefmx
s[NGGTh
|ndo
v[@&
 1>L]p
qhaakv{r]MJQi
iPBCNbppmiefn|
r]PQYg|
~pi[\u
%=MZix
qU;& +Cc
yrlghlppiWMRb
q^RRZersg\VSZfy
xlgjqv
hfcZb
z\@'
.>Qdw
u^M>9=DSl
|q^D9ANk
rhhhnsiWIFIRcy
zvuuz
rhgadu
yeG5*
*?Xp
r^I>:=IXn
{iQGFI\w
}slhZH?>FWn
~{||
qeYKNau
	!A]p
y`RF>?JZemw
mULPV]epy~
udSHGLT\jy
}obdr{{~
teK3*&$&.:GUe}
qgefdb[URTamu
tidcbhruwy
~ypfbaaeq
xodO83;AHT\]^k~
}|{slkkkkrz{wpjmquunhf`[[[^fo{
zuutsropuwy
zobQA=@@@HRZbp
xvtqnihfiknxyx|sikjcYRTVZgqx~
{qpmigfhlr
|rmcQFKMHISWQTh{|z
vpnnnkfdd^^cc_Z[`iqv{|z}
}|xrtwvtu|
yqiWGCB<6>HMTey
wqpszypoqnlmmcUQU\dnxzux
~}ytqruuy
psyqjmwtifg_NLTRHGOPNZmrkp~
yjkleaegc\^dejqvyrqx{|
~v~{mfmna\`aVIJMFCKRPO^onlv
}}vnoolkpqh[[``emturt{~~
~tz}vmll_SSWPA=?<8@LQT`qrls
~~{uplkquqh]Z\_glpqptw}
vnpqcLADB8562,/<CGThsoox}
wuqifkql^Zbggirxst|
}qqriXKIF;456/+1218K\`ahruz
yuqkhinoifjmlnv{xuvvy~
ysqlcZRIB>;769<BFKSZafiklpv{
~|zwvvvz}{vqnnqv{}
}}||{xuqmkheca^[ZZ]`aabcglqttttssuwy{}
}{zy{~
}{|{z~~|{{{|zxwvwyyywuvwwwvvwwwxxvwxvtssuvy||}~~~~
~~|{{z{}~
~}{yyzzx{~~
~|zzzxxxvuuxz|~
}{yxwxyzyxyz|
~|}}{{|zxxxy{{}
~~}{xwwxvvz|{|
~||~
zz}{{~
}}|}
}}}|}~||~~~
zvv{}tu
}~~{||zyy}}{{}
|~~}~{|
~}}}
~|}|
{|y~
|~}|
{~~|
||}|x{zu||wz~{y}}y|
rx|xy
yx~qjmpc`f^a\W\RMMLD:GG>GHMVX\gg`msloxytzzuwxz|}|
}igd`^[ZXTU]_VLOK@AABFHOTUXm{v~
ymh_VLFFEABHIMXbgjs{~
|ttupkg`SGC>3378@BFPVcqvxuxzww~
zmmolmmoqprsqt
vkd`ZYUW`_blosz
snjccejjdgooiom][VOKINU\\br|
{wxzxyzvxzut{|
ynjd[UMKLIHMTS]lpqx
uagj_`mnjopt{vsn]KGB45@>AKNYls{
}x~|uzzsxztx
}qid\TQPMOPLR[amxwx~}}
}keedagrphmywlh`PC<71/1:@AGWfiq}}|
~zyxww|
vod^a]UUWQRX\dlmqrompqnopnkmpu|
tiprkowvvsv}uiknZKH@=@EKTX\oyv
sputz
|zsjd_XZYOQUOMV\amonutpvxuuywwzy~
ynvwonuwrmrysjkjZKFAACFNUV]kqv
xnfa]YTORRMOV[dmorvwx||z}~}~}|
yz{ttvrlggihcbaYQKHGHMS[_emrt{
xph_YVTQPNLLNV`ekswvwxwwy{|}}~
}xurlfefc`aa\VUUVXX[aaciknsvvxyz
~}~yxzz
~umgb_^]ZYXXY\_chjlpqrtwz~
~zwuqmmkgc`\YXXZ]`cilptvy}
~|zywvvvwwvtromkhffeeeegknqwz|
~|{xutrqqpoopopsstvwyzz{||~~|||{{{{{{|}|zyz{{yyyyzz{|}~
}||}|{{zxwyzyz{yzz{|}|}
}}|zyxxxxxxxyzzz{{zzxwvvwvvwwxyxx{zz|||{{{zzyzzyzzyyy|}|
~}~~~
~}}{{|zz{zz{{z{||}~~}}{z{zxyxvuvtsvvxyyz|{z|~|}
}{zzyzzzzxxxxwwxwwxxxy{|~
~}|{||}}}}|{||||{zzzxwwwyz{||}
}zxvurqpomkjjihhijklmmprtvwy|}
}|zz{zz{xwxwwxxyzzxyzyz{{|~}}
{wtpkgc^[XWVVXYZ\_cejmorvy}
~~~|zyyxxxyz|}}
}|{wwwvvusrrrrrrqqqqqqrtvx{~
}|ysojd_\UPPOMNOQTWZ_eilptw{
~~}~}{|
~|ytpnkhdb``__^`cdglpry|
{|{ytqjhd\ZVVUQSSVY\abdfhlosu{
zxrmhb_][YYXXYXY[_cgnsx
~vnga\TNLKGCCEJKPWY\]`cioqy}}
~{vmhd_\YWWZYWYYYZ_cbiqpw
~zztjd]UNHEDB?=@CGLQTW[\`glpvz}
{zsmicbZXXY[XYWWXY^_djosx
|xwpiaZUOGEDA><==@EIKPUUX^djpuz~
|wsplgd`_^^\YYWWVVY[`dhmrx~
zrmhd^ZVPOLGDDCABA@BGJMSW[bhlqvy
}{ywspplkkifdcaabbcefhlnpty}
~zsiaZVRMIHC>=>@>?>>CFKMQU[dhnsw{
{wtqqmkheca`^_^^_behlnquz
|tmf`ZVPLIEB@??@AA@CGJPSUZ^cjqsw|
{xurpmjgcb`_][[[\]_acgjmquz
ysmga\WQMJGFEDBCDDFHJNRVX]bglpsw|
}zxurpmigdaa`^^^]^``behlptw{
|wqkf`\XSOMKIHGFHIIKMOSWZ^cfkorw{
~}{ywtrponkihghgeeffhjmpsvz}
~zvqlgc^ZVQNLLKLMMPRRTVX\`cfjmqvy{
}{yxwvtsqpomkihgfghijmoqtvy|
~{xrnjb]YSNJFDEFGJMQVZ^`cfgilmosw{~
~zxtqokiheddcbbaacefhkmpuz
}|wqmhb]XRNICA@?>ADHMQTY]^aegjnqu{~
zurnjhfdba_^]\ZYYY[]_behlqv{
{trmfa\UPLFCA@??BDGLOSX[`dgkqtw}
}{vrokhfca`^][ZYWWXXZ\^`eimsw}
{wsmhb]XSOKGEDCBDGJMRVX\bfiosw|
}zvsplifdb`^\[ZXXXYZ\^`cgjosx~
|wuoiea[WTQNLLKIKMNRTVZ]afjmsw{
~zxuqomjhfdccb`__^]^^]`bcgjmrvy~
~zvplfa^ZUSROOOMMOQTVY\_cglpsx}
~}{wtqnligfdccaa``__^^``begjnsw{
{vrmhc_ZVTQONMMMNOSWZ]`dhmqtx}
|zwspnjgec`_^\[[ZYZZ[^`bfjoty|
|yrmhb\YTPNLJIJJJMPSW\`ekpu{
{xuqnjfca][YWUTTTUWY]`ejoty~
{wrlhd^YWSPNMKJKLORVZ`fkrx~
}zvqmifb^\ZWVUTTTVX[_cgmrw|
~{vrpmjjfbb_[YWTRRQSUX^cjpw~
{zyyyz{~
}{xurnjgd`]\ZYYYZ\_cfjnsw{~
zuwvrtvtuuqnmg`\XRPRST[cjs{
|xtonopsx}
~yrkfa]\]\^acgjkmnnnnnnoqsw|
|~~|
~yric[RMLKMU]doz
zunhgeflrx
|wutuz
yqkgefhimrtvvtqmid`]]^afmtz
th[QHA>BJS_lx
tnf_^`dlv}
{uomnrx
~{upkfcbabefikjkkhfeegjmsy
|zxx{
sbTH?98=HUcq}
wnd]ZZ]fq{
ysqqsw}
wnda`_ckpw|zwsk`WPJILRZfr{
|ysrttx
saRHA<=AFQ\cjpqppligfhlpty}~
~{yyyz~
tlnj`cgelroqskgdWQPIGJOXaiu~
{w|y|
}q_QE?==@DJPW]cginqqspmnmlmnpvz|
wtqcZbccpss{uge\IGG>CMT_ku}
reVGAA=:@GIKQW_jnt|ytrmggfgqy
}zz~
nhi\RZ]_npjqkZYTHKMJT^aejoww{
|x~tx
}pbWMGFC@@CBDJT^hqtxvnieacjow
}xsty
wog__aakplli]XTMLQRV[\_bcins{
{rfb]TMG@>?<=HT]dknnkecdgjqvxz|yvttuz
{tnlklnlifb_YUTSSRSSTVW^fnv|
|xuqmle\SJEB@>CJNTY[]`bdimrwyyyyxwwxy{~
|xwvsqmifd^XWSQQPRUXZ_einrtvyz{}}}
}xuqkfaZSNHEDFHLOSUWY[\`cfkmorstvvx}
~yrlha][XWWVVVVTTVWX[_aeiilprv{
|woie_YSMHD@=::;;>ACGMQTY\_dhknrv{
~ysnhc^YWSOMMKKMLMQSUXZ]aeimqux|
|vqkea[SMHDA?=<?BDFILQV[^agjmrsv{
zurnjfc`^\ZWUURQQPQTVW[^aejmquy|
zupjea\UOMHFDAADEGJKNRWY[_bfknptz~
~yurojgeb`^[YXWVUTTUWZ\]aehlnosvy}
|vpkfb]ZXWUTSSTUUUVWXZZ[^aejmpuy}
~|zxvuttttttuvvvxz|
|ywtsrppppopnmmllllllnopqrstvwxy{{{|{zzyz|||~
|zywutssstttssssssstttvxyz|}
~|{zyyxxxxxxwwwvvvuttsrrqpqqrrsstttttttuuvvwy{}
}zxuromkihfdcba```abdefhjmoqtvy|
~}{zxwtsqonlkjhhigghhijjlmnoqsuy|
~|{zyxwxwwxwvvuuuutsssssstuvvwyzzz{|}}}~~
~}{yxwvtsrqrrpqqpqrqrstuvvwxyzz{{|}||||||{z{zzzyyyyxxxxyyz|||}~~~
|zxwutrpomkkjihhfffdfeefeffgghiijkmnnpqrsvwxz{|~
~|}|||{{{zzyxxwwwvvwtvvtvuuxvvxwwyz{}~~
{||y{{xzyyyxzzxy|zy}{y}{{~{}
||}}|z}~w{
yt~|r}
ww{zwx{wxxvzxv|yv~{x{~}}~|
}|x|
|~~z
|{}vuypptmlojhhggggeegggjnmouuu|~~
|}~ukhjfZSVRFFOKGKOSV^gmpt|
|xtnhjlikrtsvx|
zwqkk`Z]YWZ[Z]bemsz
{wsqkknllooouz}
{tspkigeedfefijntvw}
|~}y||y{}|
|y{xtwxrrwutyzy{~||
|}{yyxyyz{yz}}}
~}~|}
{z}yx{{xxxxwwyyxzzz{|}~
~~~|~~}}~~~}~~}~
~}~~|}
|||{{{{zy{yyzyub[ipickqghy~yuv~
zxqmwxpmkeisttsusotsrxxtsrorsqnppnrxyy~
~zxxuojghhggecdgijkkmqtuuz{z~
|wuvtrrpiglqnkloooqtsttv{xvxz}
}z{{{yvrqqsvwvuvwyz|
{ywvutuutstvwy{
}}{zxvwyxxwuttsrrqmlkhgihfgeehjjlponqtvy{|{{}~
}zwrqrqljiggdcd`^``bddfjnrvx|~
~|}~~
~|zzzxwwwx||{~
~{zxxxustroomjhffggfefgiijmmlnpqtuvxxyy{||||z{||~~}~~
~}||zwwxwvutsrrtuvvvxy{}}~
}~~}{{zxyzz|}|}~~~
~|~~}~~||}}~
~}{ywtsqpmkiggfffeeefhjklmoprsuwuuvwyzz{||~
~~|{}|{{ywxyxvvuvwwuttrruutssstuuvwuuwvvvvxwvuuvxz||{{}~
~~}}}|{zwwxxxvutstuttsstuuvvvvvvvuwxxyzz{||
~}|{{zzz{{z{{{|||}}||}||}||||}}~
~~}~~|}~}}~~}~
~~~~
~}}}|~
}}~~~~}~}}
~~~~}|||{{|||||{||||}}}}}}|}}}}~~}~
~}~~~}~~}}}}~~~~~~~
~~~~~~~~~~~~~~~~
}wuspnrwy{
|{{yy|
~|{{||~
~{xvttuwy{|}}}}~~
~|{{|||||{{||}
~}~~~
~~~~
}~}~
~~~}}
~~}~
~~~~~
~~~~~
~~~~~~~
{~|x|wx
}y~xy
|{||z
|yvw
~zuy~}
}zzz|~
|}~}}{wxwsuwuwxxxtrsquxvuurppmmompsrttpqonqppqnonmmmlloprrqttuvuttutuuuvuuvuvvuvutvwxzyxwwvvvwyy|
